<?xml version="1.0" encoding="UTF-8"?>
<!-- Generated by org.testng.reporters.JUnitXMLReporter -->
<testsuite ignored="0" hostname="LAPTOP-Q5VAVA9I" failures="0" tests="4" name="Default test" time="8.783" errors="0" timestamp="2025-12-29T15:24:20 IST">
  <testcase classname="DAY23.Testcase2" name="OpentheApp" time="5.734"/>
  <testcase classname="DAY23.Testcase2" name="Entercreds" time="1.169"/>
  <testcase classname="DAY23.Testcase2" name="LoginApp" time="0.186"/>
  <testcase classname="DAY23.Testcase2" name="Homepage" time="1.645"/>
</testsuite> <!-- Default test -->
