<?xml version="1.0" encoding="UTF-8"?>
<!-- Generated by org.testng.reporters.JUnitXMLReporter -->
<testsuite ignored="0" hostname="LAPTOP-Q5VAVA9I" failures="0" tests="6" name="Default test" time="17.836" errors="0" timestamp="2026-01-04T06:07:00 IST">
  <testcase classname="DAY25.LoginTestCase" name="LoginTest" time="1.286"/>
  <testcase classname="DAY25.LoginTestCase" name="TestHomeimge" time="2.604"/>
  <testcase classname="DAY25.LoginTestCase" name="TestAdminLink" time="2.672"/>
  <testcase classname="DAY25.LoginTestCase" name="TestUserprfiledropdown" time="0.789"/>
  <testcase classname="DAY25.LoginTestCase" name="TestLogoutlink" time="1.442"/>
  <testcase classname="DAY25.LoginTestCase" name="TestHomepageURL" time="0.02"/>
</testsuite> <!-- Default test -->
