<?xml version="1.0" encoding="UTF-8"?>
<!-- Generated by org.testng.reporters.JUnitXMLReporter -->
<testsuite ignored="2" hostname="LAPTOP-Q5VAVA9I" failures="0" tests="6" name="Testgroup" time="0.105" errors="0" timestamp="2025-12-31T06:45:31 IST">
  <testcase classname="DAY24.TestNGParameters" name="Login" time="0.034"/>
  <testcase classname="DAY24.TestNGParameters" name="SearchPayment" time="0.003"/>
  <testcase classname="DAY24.TestNGParameters" name="Paymentstatus" time="0.002"/>
  <testcase classname="DAY24.TestNGParameters" name="Logout" time="0.001"/>
  <testcase classname="DAY24.TestNGParameters2" name="LoginApp" time="0.002"/>
  <testcase classname="DAY24.TestNGParameters2" name="LogoutAdmin" time="0.001"/>
  <testcase classname="DAY24.TestNGParameters2" name="SearchACdetails" time="0.0">
    <ignored/>
  </testcase> <!-- SearchACdetails -->
  <testcase classname="DAY24.TestNGParameters2" name="SearchAc" time="0.0">
    <ignored/>
  </testcase> <!-- SearchAc -->
</testsuite> <!-- Testgroup -->
