<?xml version="1.0" encoding="UTF-8"?>
<!-- Generated by org.testng.reporters.JUnitXMLReporter -->
<testsuite ignored="0" hostname="LAPTOP-Q5VAVA9I" failures="0" tests="7" name="FirstTest" time="7.738" errors="0" timestamp="2025-12-29T15:40:18 IST">
  <testcase classname="DAY23.Testcase1" name="Open" time="0.018"/>
  <testcase classname="DAY23.Testcase1" name="LoginApp" time="0.002"/>
  <testcase classname="DAY23.Testcase1" name="LogoutApp" time="0.001"/>
  <testcase classname="DAY23.Testcase2" name="OpentheApp" time="5.237"/>
  <testcase classname="DAY23.Testcase2" name="Entercreds" time="0.664"/>
  <testcase classname="DAY23.Testcase2" name="LoginApp" time="0.17"/>
  <testcase classname="DAY23.Testcase2" name="Homepage" time="1.584"/>
</testsuite> <!-- FirstTest -->
