<?xml version="1.0" encoding="UTF-8"?>
<testng-results ignored="0" total="2" passed="2" failed="0" skipped="0">
  <reporter-output>
  </reporter-output>
  <suite started-at="2025-12-30T17:07:59 IST" name="FirstSuite" finished-at="2025-12-30T17:07:59 IST" duration-ms="37">
    <groups>
    </groups>
    <test started-at="2025-12-30T17:07:59 IST" name="FirstTest" finished-at="2025-12-30T17:07:59 IST" duration-ms="37">
      <class name="DAY23.TestNGAnnotations">
        <test-method is-config="true" signature="BS()[pri:0, instance:DAY23.TestNGAnnotations@7f3b84b8]" started-at="2025-12-30T17:07:59 IST" name="BS" finished-at="2025-12-30T17:07:59 IST" duration-ms="6" status="PASS">
          <reporter-output>
          </reporter-output>
        </test-method> <!-- BS -->
        <test-method is-config="true" signature="BT()[pri:0, instance:DAY23.TestNGAnnotations@7f3b84b8]" started-at="2025-12-30T17:07:59 IST" name="BT" finished-at="2025-12-30T17:07:59 IST" duration-ms="0" status="PASS">
          <reporter-output>
          </reporter-output>
        </test-method> <!-- BT -->
        <test-method is-config="true" signature="BC()[pri:0, instance:DAY23.TestNGAnnotations@7f3b84b8]" started-at="2025-12-30T17:07:59 IST" name="BC" finished-at="2025-12-30T17:07:59 IST" duration-ms="0" status="PASS">
          <reporter-output>
          </reporter-output>
        </test-method> <!-- BC -->
        <test-method is-config="true" signature="BM()[pri:0, instance:DAY23.TestNGAnnotations@7f3b84b8]" started-at="2025-12-30T17:07:59 IST" name="BM" finished-at="2025-12-30T17:07:59 IST" duration-ms="1" status="PASS">
          <reporter-output>
          </reporter-output>
        </test-method> <!-- BM -->
        <test-method signature="TestMethod2()[pri:0, instance:DAY23.TestNGAnnotations@7f3b84b8]" started-at="2025-12-30T17:07:59 IST" name="TestMethod2" finished-at="2025-12-30T17:07:59 IST" duration-ms="6" status="PASS">
          <reporter-output>
          </reporter-output>
        </test-method> <!-- TestMethod2 -->
        <test-method is-config="true" signature="AM()[pri:0, instance:DAY23.TestNGAnnotations@7f3b84b8]" started-at="2025-12-30T17:07:59 IST" name="AM" finished-at="2025-12-30T17:07:59 IST" duration-ms="1" status="PASS">
          <reporter-output>
          </reporter-output>
        </test-method> <!-- AM -->
        <test-method is-config="true" signature="BM()[pri:0, instance:DAY23.TestNGAnnotations@7f3b84b8]" started-at="2025-12-30T17:07:59 IST" name="BM" finished-at="2025-12-30T17:07:59 IST" duration-ms="0" status="PASS">
          <reporter-output>
          </reporter-output>
        </test-method> <!-- BM -->
        <test-method signature="Testmethod1()[pri:0, instance:DAY23.TestNGAnnotations@7f3b84b8]" started-at="2025-12-30T17:07:59 IST" name="Testmethod1" finished-at="2025-12-30T17:07:59 IST" duration-ms="2" status="PASS">
          <reporter-output>
          </reporter-output>
        </test-method> <!-- Testmethod1 -->
        <test-method is-config="true" signature="AC()[pri:0, instance:DAY23.TestNGAnnotations@7f3b84b8]" started-at="2025-12-30T17:07:59 IST" name="AC" finished-at="2025-12-30T17:07:59 IST" duration-ms="0" status="PASS">
          <reporter-output>
          </reporter-output>
        </test-method> <!-- AC -->
        <test-method is-config="true" signature="AM()[pri:0, instance:DAY23.TestNGAnnotations@7f3b84b8]" started-at="2025-12-30T17:07:59 IST" name="AM" finished-at="2025-12-30T17:07:59 IST" duration-ms="0" status="PASS">
          <reporter-output>
          </reporter-output>
        </test-method> <!-- AM -->
        <test-method is-config="true" signature="AT()[pri:0, instance:DAY23.TestNGAnnotations@7f3b84b8]" started-at="2025-12-30T17:07:59 IST" name="AT" finished-at="2025-12-30T17:07:59 IST" duration-ms="1" status="PASS">
          <reporter-output>
          </reporter-output>
        </test-method> <!-- AT -->
        <test-method is-config="true" signature="AS()[pri:0, instance:DAY23.TestNGAnnotations@7f3b84b8]" started-at="2025-12-30T17:07:59 IST" name="AS" finished-at="2025-12-30T17:07:59 IST" duration-ms="0" status="PASS">
          <reporter-output>
          </reporter-output>
        </test-method> <!-- AS -->
      </class> <!-- DAY23.TestNGAnnotations -->
    </test> <!-- FirstTest -->
  </suite> <!-- FirstSuite -->
</testng-results>
