<?xml version="1.0" encoding="UTF-8"?>
<!-- Generated by org.testng.reporters.JUnitReportReporter -->
<testsuite hostname="LAPTOP-Q5VAVA9I" failures="0" tests="2" name="DAY23.HARDandSOFTAssertions" time="0.022" errors="0" timestamp="2025-12-30T17:30:29 IST" skipped="0">
  <testcase classname="DAY23.HARDandSOFTAssertions" name="Test_HardandSoft" time="0.017"/>
  <system-out/>
  <testcase classname="DAY23.HARDandSOFTAssertions" name="Softassertion" time="0.005"/>
  <system-out/>
</testsuite> <!-- DAY23.HARDandSOFTAssertions -->
