<?xml version="1.0" encoding="UTF-8"?>
<!-- Generated by org.testng.reporters.JUnitReportReporter -->
<testsuite hostname="LAPTOP-Q5VAVA9I" failures="0" tests="2" name="DAY24.TestNGParameters2" time="0.003" errors="0" timestamp="2025-12-31T06:45:31 IST" skipped="0">
  <testcase classname="DAY24.TestNGParameters2" name="LoginApp" time="0.002"/>
  <system-out/>
  <testcase classname="DAY24.TestNGParameters2" name="LogoutAdmin" time="0.001"/>
  <system-out/>
</testsuite> <!-- DAY24.TestNGParameters2 -->
