<?xml version="1.0" encoding="UTF-8"?>
<!-- Generated by org.testng.reporters.JUnitReportReporter -->
<testsuite hostname="LAPTOP-Q5VAVA9I" failures="0" tests="4" name="DAY23.Testcase2" time="7.655" errors="0" timestamp="2025-12-29T15:40:18 IST" skipped="0">
  <testcase classname="DAY23.Testcase2" name="OpentheApp" time="5.237"/>
  <system-out/>
  <testcase classname="DAY23.Testcase2" name="Entercreds" time="0.664"/>
  <system-out/>
  <testcase classname="DAY23.Testcase2" name="LoginApp" time="0.170"/>
  <system-out/>
  <testcase classname="DAY23.Testcase2" name="Homepage" time="1.584"/>
  <system-out/>
</testsuite> <!-- DAY23.Testcase2 -->
