<?xml version="1.0" encoding="UTF-8"?>
<!-- Generated by org.testng.reporters.JUnitReportReporter -->
<testsuite hostname="LAPTOP-Q5VAVA9I" failures="0" tests="3" name="DAY23.Testcase1" time="0.021" errors="0" timestamp="2025-12-29T15:40:18 IST" skipped="0">
  <testcase classname="DAY23.Testcase1" name="Open" time="0.018"/>
  <system-out/>
  <testcase classname="DAY23.Testcase1" name="LoginApp" time="0.002"/>
  <system-out/>
  <testcase classname="DAY23.Testcase1" name="LogoutApp" time="0.001"/>
  <system-out/>
</testsuite> <!-- DAY23.Testcase1 -->
