<?xml version="1.0" encoding="UTF-8"?>
<!-- Generated by org.testng.reporters.JUnitReportReporter -->
<testsuite hostname="LAPTOP-Q5VAVA9I" failures="0" tests="2" name="DAY23.TestNGAnnotations" time="0.010" errors="0" timestamp="2025-12-30T17:21:18 IST" skipped="0">
  <testcase classname="DAY23.TestNGAnnotations" name="TestMethod2" time="0.007"/>
  <system-out/>
  <testcase classname="DAY23.TestNGAnnotations" name="Testmethod1" time="0.003"/>
  <system-out/>
</testsuite> <!-- DAY23.TestNGAnnotations -->
