<?xml version="1.0" encoding="UTF-8"?>
<!-- Generated by org.testng.reporters.JUnitReportReporter -->
<testsuite hostname="LAPTOP-Q5VAVA9I" failures="0" tests="2" name="DAY24.DataProviderMethoddemo" time="11.999" errors="0" timestamp="2026-01-01T12:19:19 IST" skipped="0">
  <testcase classname="DAY24.DataProviderMethoddemo" name="Testlogin" time="7.382"/>
  <system-out/>
  <testcase classname="DAY24.DataProviderMethoddemo" name="Testlogin" time="4.617"/>
  <system-out/>
</testsuite> <!-- DAY24.DataProviderMethoddemo -->
