<?xml version="1.0" encoding="UTF-8"?>
<!-- Generated by org.testng.reporters.JUnitReportReporter -->
<testsuite hostname="LAPTOP-Q5VAVA9I" failures="0" tests="6" name="DAY25.LoginTestCase" time="8.813" errors="0" timestamp="2026-01-04T06:07:00 IST" skipped="0">
  <testcase classname="DAY25.LoginTestCase" name="LoginTest" time="1.286"/>
  <system-out/>
  <testcase classname="DAY25.LoginTestCase" name="TestHomeimge" time="2.604"/>
  <system-out/>
  <testcase classname="DAY25.LoginTestCase" name="TestAdminLink" time="2.672"/>
  <system-out/>
  <testcase classname="DAY25.LoginTestCase" name="TestUserprfiledropdown" time="0.789"/>
  <system-out/>
  <testcase classname="DAY25.LoginTestCase" name="TestLogoutlink" time="1.442"/>
  <system-out/>
  <testcase classname="DAY25.LoginTestCase" name="TestHomepageURL" time="0.020"/>
  <system-out/>
</testsuite> <!-- DAY25.LoginTestCase -->
