<?xml version="1.0" encoding="UTF-8"?>
<!-- Generated by org.testng.reporters.JUnitReportReporter -->
<testsuite hostname="LAPTOP-Q5VAVA9I" failures="0" tests="4" name="DAY24.TestNGParameters" time="0.040" errors="0" timestamp="2025-12-31T06:45:31 IST" skipped="0">
  <testcase classname="DAY24.TestNGParameters" name="Login" time="0.034"/>
  <system-out/>
  <testcase classname="DAY24.TestNGParameters" name="SearchPayment" time="0.003"/>
  <system-out/>
  <testcase classname="DAY24.TestNGParameters" name="Paymentstatus" time="0.002"/>
  <system-out/>
  <testcase classname="DAY24.TestNGParameters" name="Logout" time="0.001"/>
  <system-out/>
</testsuite> <!-- DAY24.TestNGParameters -->
